<?xml version="1.0" encoding="UTF-8"?>
<!-- Generated by org.testng.reporters.JUnitReportReporter -->
<testsuite hostname="DESKTOP-SA70GI3" failures="0" tests="1" name="TestNGConcepts.ParellelTest2" time="8.027" errors="0" timestamp="2024-08-13T10:12:02 IST" skipped="0">
  <testcase classname="TestNGConcepts.ParellelTest2" name="preconditionsgoogle" time="8.027"/>
</testsuite> <!-- TestNGConcepts.ParellelTest2 -->
