<?xml version="1.0" encoding="UTF-8"?>
<!-- Generated by org.testng.reporters.JUnitReportReporter -->
<testsuite hostname="DESKTOP-SA70GI3" failures="0" tests="6" name="TestNGConcepts.GroupingFeature" time="0.114" errors="0" timestamp="2024-08-14T09:39:37 IST" skipped="0">
  <testcase classname="TestNGConcepts.GroupingFeature" name="Test2" time="0.015"/>
  <testcase classname="TestNGConcepts.GroupingFeature" name="Test7" time="0.018"/>
  <testcase classname="TestNGConcepts.GroupingFeature" name="Test5" time="0.015"/>
  <testcase classname="TestNGConcepts.GroupingFeature" name="Test1" time="0.014"/>
  <testcase classname="TestNGConcepts.GroupingFeature" name="Test6" time="0.032"/>
  <testcase classname="TestNGConcepts.GroupingFeature" name="Test4" time="0.020"/>
</testsuite> <!-- TestNGConcepts.GroupingFeature -->
