<?xml version="1.0" encoding="UTF-8"?>
<!-- Generated by org.testng.reporters.JUnitReportReporter -->
<testsuite hostname="DESKTOP-SA70GI3" failures="0" tests="3" name="TestNGConcepts.Priorityfeature" time="0.012" errors="0" timestamp="2024-08-14T09:39:37 IST" skipped="0">
  <testcase classname="TestNGConcepts.Priorityfeature" name="Test2" time="0.004"/>
  <testcase classname="TestNGConcepts.Priorityfeature" name="Test3" time="0.004"/>
  <testcase classname="TestNGConcepts.Priorityfeature" name="Test1" time="0.004"/>
</testsuite> <!-- TestNGConcepts.Priorityfeature -->
