<?xml version="1.0" encoding="UTF-8"?>
<!-- Generated by org.testng.reporters.JUnitReportReporter -->
<testsuite hostname="DESKTOP-SA70GI3" failures="0" tests="5" name="RunnerClassJune.RunnerWithTestNg$TestRunnerWithTestNg" time="0.413" errors="0" timestamp="2024-08-21T09:13:50 IST" skipped="0">
  <testcase classname="RunnerClassJune.RunnerWithTestNg$TestRunnerWithTestNg" name="runScenario" time="0.048"/>
  <testcase classname="RunnerClassJune.RunnerWithTestNg$TestRunnerWithTestNg" name="runScenario" time="0.020"/>
  <testcase classname="RunnerClassJune.RunnerWithTestNg$TestRunnerWithTestNg" name="runScenario" time="0.088"/>
  <testcase classname="RunnerClassJune.RunnerWithTestNg$TestRunnerWithTestNg" name="runScenario" time="0.110"/>
  <testcase classname="RunnerClassJune.RunnerWithTestNg$TestRunnerWithTestNg" name="runScenario" time="0.147"/>
</testsuite> <!-- RunnerClassJune.RunnerWithTestNg$TestRunnerWithTestNg -->
