<?xml version="1.0" encoding="UTF-8"?>
<!-- Generated by org.testng.reporters.JUnitReportReporter -->
<testsuite hostname="DESKTOP-SA70GI3" failures="0" tests="3" name="TestNGConcepts.TestNGAnnotations" time="0.007" errors="0" timestamp="2024-08-14T09:39:37 IST" skipped="0">
  <testcase classname="TestNGConcepts.TestNGAnnotations" name="verifyTitleTest" time="0.002"/>
  <testcase classname="TestNGConcepts.TestNGAnnotations" name="verifyforgotlinkTest" time="0.003"/>
  <testcase classname="TestNGConcepts.TestNGAnnotations" name="verifylogoTest" time="0.002"/>
</testsuite> <!-- TestNGConcepts.TestNGAnnotations -->
