<?xml version="1.0" encoding="UTF-8"?>
<!-- Generated by org.testng.reporters.JUnitReportReporter -->
<testsuite hostname="DESKTOP-SA70GI3" failures="0" tests="3" name="TestNGConcepts.HardAssertConcept" time="2.601" errors="0" timestamp="2024-08-14T09:39:37 IST" skipped="0">
  <testcase classname="TestNGConcepts.HardAssertConcept" name="logodipalyed" time="0.217"/>
  <testcase classname="TestNGConcepts.HardAssertConcept" name="pageTitleTest" time="2.381"/>
  <testcase classname="TestNGConcepts.HardAssertConcept" name="assernull" time="0.003"/>
</testsuite> <!-- TestNGConcepts.HardAssertConcept -->
