<?xml version="1.0" encoding="UTF-8"?>
<!-- Generated by org.testng.reporters.JUnitReportReporter -->
<testsuite hostname="DESKTOP-SA70GI3" failures="0" tests="7" name="TestNGConcepts.enabledFeature" time="0.098" errors="0" timestamp="2024-08-14T09:39:37 IST" skipped="1">
  <testcase classname="TestNGConcepts.enabledFeature" name="VerifypageTitle" time="0.006"/>
  <testcase classname="TestNGConcepts.enabledFeature" name="Verifylogodiaplayed" time="0.020"/>
  <testcase classname="TestNGConcepts.enabledFeature" name="verifylaunchapplication" time="0.015"/>
  <testcase classname="TestNGConcepts.enabledFeature" name="Verifycreateaccountbutton" time="0.013"/>
  <testcase classname="TestNGConcepts.enabledFeature" name="Verifynoteuderloginbox" time="0.018"/>
  <testcase classname="TestNGConcepts.enabledFeature" name="verifyloginsuccess" time="0.026"/>
  <testcase classname="TestNGConcepts.enabledFeature" name="verifyforgotlink">
    <skipped/>
  </testcase> <!-- verifyforgotlink -->
</testsuite> <!-- TestNGConcepts.enabledFeature -->
