<?xml version="1.0" encoding="UTF-8"?>
<!-- Generated by org.testng.reporters.JUnitReportReporter -->
<testsuite hostname="DESKTOP-SA70GI3" failures="0" tests="1" name="TestNGConcepts.ParellelTest1" time="17.128" errors="0" timestamp="2024-08-13T10:12:02 IST" skipped="0">
  <testcase classname="TestNGConcepts.ParellelTest1" name="preconditionsfacebook" time="17.128"/>
</testsuite> <!-- TestNGConcepts.ParellelTest1 -->
