<?xml version="1.0" encoding="UTF-8"?>
<!-- Generated by org.testng.reporters.JUnitReportReporter -->
<testsuite hostname="DESKTOP-SA70GI3" failures="0" tests="11" name="TestNGConcepts.invocationCount" time="0.094" errors="0" timestamp="2024-08-14T09:39:37 IST" skipped="0">
  <testcase classname="TestNGConcepts.invocationCount" name="verifylogoTest" time="0.005"/>
  <testcase classname="TestNGConcepts.invocationCount" name="loginapplication" time="0.006"/>
  <testcase classname="TestNGConcepts.invocationCount" name="verifyforgotlinkTest" time="0.002"/>
  <testcase classname="TestNGConcepts.invocationCount" name="verifyTitleTest" time="0.004"/>
  <testcase classname="TestNGConcepts.invocationCount" name="verifylogoTest" time="0.009"/>
  <testcase classname="TestNGConcepts.invocationCount" name="verifylogoTest" time="0.002"/>
  <testcase classname="TestNGConcepts.invocationCount" name="imageupload" time="0.003"/>
  <testcase classname="TestNGConcepts.invocationCount" name="verifyforgotlinkTest" time="0.003"/>
  <testcase classname="TestNGConcepts.invocationCount" name="verifylogoTest" time="0.043"/>
  <testcase classname="TestNGConcepts.invocationCount" name="createstory" time="0.004"/>
  <testcase classname="TestNGConcepts.invocationCount" name="verifylogoTest" time="0.013"/>
</testsuite> <!-- TestNGConcepts.invocationCount -->
