<?xml version="1.0" encoding="UTF-8"?>
<!-- Generated by org.testng.reporters.JUnitReportReporter -->
<testsuite hostname="DESKTOP-SA70GI3" failures="0" tests="3" name="TestNGConcepts.TestBGFeatures" time="0.046" errors="0" timestamp="2024-08-08T09:58:18 IST" skipped="0">
  <testcase classname="TestNGConcepts.TestBGFeatures" name="Test2" time="0.026"/>
  <testcase classname="TestNGConcepts.TestBGFeatures" name="Test3" time="0.009"/>
  <testcase classname="TestNGConcepts.TestBGFeatures" name="Test1" time="0.011"/>
</testsuite> <!-- TestNGConcepts.TestBGFeatures -->
