<?xml version="1.0" encoding="UTF-8"?>
<!-- Generated by org.testng.reporters.JUnitReportReporter -->
<testsuite hostname="DESKTOP-SA70GI3" failures="0" tests="7" name="TestNGConcepts.timeOutFeature" time="0.047" errors="0" timestamp="2024-08-14T09:39:37 IST" skipped="1">
  <testcase classname="TestNGConcepts.timeOutFeature" name="VerifypageTitle" time="0.012"/>
  <testcase classname="TestNGConcepts.timeOutFeature" name="verifyloginsuccess" time="0.005"/>
  <testcase classname="TestNGConcepts.timeOutFeature" name="Verifylogodiaplayed" time="0.003"/>
  <testcase classname="TestNGConcepts.timeOutFeature" name="Verifycreateaccountbutton" time="0.004"/>
  <testcase classname="TestNGConcepts.timeOutFeature" name="verifylaunchapplication" time="0.020"/>
  <testcase classname="TestNGConcepts.timeOutFeature" name="Verifynoteuderloginbox" time="0.003"/>
  <testcase classname="TestNGConcepts.timeOutFeature" name="verifyforgotlink">
    <skipped/>
  </testcase> <!-- verifyforgotlink -->
</testsuite> <!-- TestNGConcepts.timeOutFeature -->
